Set value for AudioInput: false
Set value for AudioMaxVolume: 100
Set value for AudioMinVolume: 0
Set value for AudioNumbers: false
Set value for AudioRevealer: false
Set value for AudioScrollSpeed: 5
Set value for BatteryFolder: /sys/class/power_supply/BAT1
Set value for CPUThermalZone: /sys/devices/pci0000:00/0000:00:18.3/hwmon/hwmon2/temp1_input
Set value for CenterTime: true
Set value for DateTimeLocale: 
Set value for DateTimeStyle: %a %D - %H:%M:%S %Z
Set value for DefaultWorkspaceSymbol: 
Set value for DiskPartition: /
Set value for EnableSNI: true
Set value for ExitCommand: killall Hyprland
Set value for Location: T
Set value for LockCommand: ~/.config/scripts/sys.sh lock
Set value for MaxDownloadBytes: 10485760
Set value for MaxUploadBytes: 5242880
Set value for MinDownloadBytes: 0
Set value for MinUploadBytes: 0
Set value for NetworkAdapter: eno1
Set value for NetworkWidget: true
Set value for NumWorkspaces: 9
Set value for SensorTooltips: true
Set value for SuspendCommand: systemctl suspend
Set value for TimeSpace: 300
Set value for UseHyprlandIPC: true
Set value for WorkspaceScrollInvert: false
Set value for WorkspaceScrollOnMonitor: true
Set value for DrmAmdCard: card1
Wayland: Registering monitor HDMI-A-1 at ID 0
NVML not found, disabling Nvidia GPU
PulseAudio: Context is ready!
PulseAudio: Update info
Cannot open network device! Disabling Network widget.
CSS found and loaded successfully!
Too little arguments!
[Exiting due to assert failed]
